<?xml version="1.0" encoding="UTF-8"?>
<testsuite xmlns:xsi="http://www.w3.org/2001/XMLSchema-instance" xsi:noNamespaceSchemaLocation="https://maven.apache.org/surefire/maven-surefire-plugin/xsd/surefire-test-report.xsd" name="com.ui.poc.test.automation.runner.TestRunner" time="44.064" tests="2" errors="0" skipped="0" failures="0">
  <properties>
[...]
</properties>
  <testcase name="Validation of Checkbox Functionality" classname="Angular UI Components Feature #2" time="22.596"/>
  <testcase name="Validation of Form Field Functionality" classname="Angular UI Components Feature #2" time="18.531"/>
</testsuite>